Using pre-set license
Built from '2020.3/staging' branch; Version is '2020.3.3f1 (76626098c1c4) revision 7758432'; Using compiler version '192528614'; Build Type 'Release'
OS: 'Windows 10 Home; OS build 19042.1320; Version 2009; 64bit' Language: 'ja' Physical Memory: 32700 MB
BatchMode: 1, IsHumanControllingUs: 0, StartBugReporterOnCrash: 0, Is64bit: 1, IsPro: 0

 COMMAND LINE ARGUMENTS:
C:\Program Files\Unity\Hub\Editor\2020.3.3f1\Editor\Unity.exe
-adb2
-batchMode
-noUpm
-name
AssetImportWorker0
-projectPath
D:/Documents/UNITY/220116_PaperAirplane
-logFile
Logs/AssetImportWorker0.log
-srvPort
50378
Successfully changed project path to: D:/Documents/UNITY/220116_PaperAirplane
D:/Documents/UNITY/220116_PaperAirplane
Using Asset Import Pipeline V2.
Refreshing native plugins compatible for Editor in 32.17 ms, found 1 plugins.
Preloading 0 native plugins for Editor in 0.00 ms.
Initialize engine version: 2020.3.3f1 (76626098c1c4)
[Subsystems] Discovering subsystems at path C:/Program Files/Unity/Hub/Editor/2020.3.3f1/Editor/Data/Resources/UnitySubsystems
[Subsystems] Discovering subsystems at path D:/Documents/UNITY/220116_PaperAirplane/Assets
GfxDevice: creating device client; threaded=0
Direct3D:
    Version:  Direct3D 11.0 [level 11.1]
    Renderer: NVIDIA GeForce RTX 2070 SUPER (ID=0x1e84)
    Vendor:   
    VRAM:     8011 MB
    Driver:   27.21.14.5751
Initialize mono
Mono path[0] = 'C:/Program Files/Unity/Hub/Editor/2020.3.3f1/Editor/Data/Managed'
Mono path[1] = 'C:/Program Files/Unity/Hub/Editor/2020.3.3f1/Editor/Data/MonoBleedingEdge/lib/mono/unityjit'
Mono config path = 'C:/Program Files/Unity/Hub/Editor/2020.3.3f1/Editor/Data/MonoBleedingEdge/etc'
Using monoOptions --debugger-agent=transport=dt_socket,embedding=1,server=y,suspend=n,address=127.0.0.1:56776
Begin MonoManager ReloadAssembly
Registering precompiled unity dll's ...
Register platform support module: C:/Program Files/Unity/Hub/Editor/2020.3.3f1/Editor/Data/PlaybackEngines/WebGLSupport/UnityEditor.WebGL.Extensions.dll
Register platform support module: C:/Program Files/Unity/Hub/Editor/2020.3.3f1/Editor/Data/PlaybackEngines/WindowsStandaloneSupport/UnityEditor.WindowsStandalone.Extensions.dll
Registered in 0.003021 seconds.
Native extension for WindowsStandalone target not found
Native extension for WebGL target not found
Refreshing native plugins compatible for Editor in 32.52 ms, found 1 plugins.
Preloading 0 native plugins for Editor in 0.00 ms.
Invoked RoslynAnalysisRunner static constructor.
RoslynAnalysisRunner will not be running.
RoslynAnalysisRunner has terminated.
Mono: successfully reloaded assembly
- Completed reload, in  1.875 seconds
Platform modules already initialized, skipping
Registering precompiled user dll's ...
Registered in 0.001278 seconds.
Begin MonoManager ReloadAssembly
Native extension for WindowsStandalone target not found
Native extension for WebGL target not found
Refreshing native plugins compatible for Editor in 32.11 ms, found 1 plugins.
Preloading 0 native plugins for Editor in 0.00 ms.
Invoked RoslynAnalysisRunner static constructor.
RoslynAnalysisRunner will not be running.
RoslynAnalysisRunner has terminated.
Mono: successfully reloaded assembly
- Completed reload, in  0.772 seconds
Platform modules already initialized, skipping
========================================================================
Worker process is ready to serve import requests
Launched and connected shader compiler UnityShaderCompiler.exe after 0.04 seconds
Refreshing native plugins compatible for Editor in 0.36 ms, found 1 plugins.
Preloading 0 native plugins for Editor in 0.00 ms.
Unloading 1810 Unused Serialized files (Serialized files now loaded: 0)
System memory in use before: 87.7 MB.
System memory in use after: 87.6 MB.

Unloading 24 unused Assets to reduce memory usage. Loaded Objects now: 2253.
Total: 1.999600 ms (FindLiveObjects: 0.173200 ms CreateObjectMapping: 0.128800 ms MarkObjects: 1.587100 ms  DeleteObjects: 0.109700 ms)

========================================================================
Received Import Request.
  path: Assets/Prefabs/NewBehaviourScript.cs
  artifactKey: Guid(51487d40e0f69ec4a8e1584328bf00e2) Importer(815301076,1909f56bfc062723c751e8b465ee728b)
Start importing Assets/Prefabs/NewBehaviourScript.cs using Guid(51487d40e0f69ec4a8e1584328bf00e2) Importer(815301076,1909f56bfc062723c751e8b465ee728b)  -> (artifact id: '47942bbdf626367ff690b881f805d88f') in 0.026825 seconds
  Import took 0.029260 seconds .

========================================================================
Received Prepare
Registering precompiled user dll's ...
Registered in 0.000911 seconds.
Begin MonoManager ReloadAssembly
Native extension for WindowsStandalone target not found
Native extension for WebGL target not found
Refreshing native plugins compatible for Editor in 0.37 ms, found 1 plugins.
Preloading 0 native plugins for Editor in 0.00 ms.
Invoked RoslynAnalysisRunner static constructor.
RoslynAnalysisRunner will not be running.
RoslynAnalysisRunner has terminated.
Mono: successfully reloaded assembly
- Completed reload, in  0.663 seconds
Platform modules already initialized, skipping
Refreshing native plugins compatible for Editor in 0.38 ms, found 1 plugins.
Preloading 0 native plugins for Editor in 0.00 ms.
Unloading 1805 Unused Serialized files (Serialized files now loaded: 0)
System memory in use before: 87.6 MB.
System memory in use after: 87.6 MB.

Unloading 12 unused Assets to reduce memory usage. Loaded Objects now: 2257.
Total: 1.994100 ms (FindLiveObjects: 0.235600 ms CreateObjectMapping: 0.039700 ms MarkObjects: 1.614100 ms  DeleteObjects: 0.103700 ms)

========================================================================
Received Prepare
Registering precompiled user dll's ...
Registered in 0.001271 seconds.
Begin MonoManager ReloadAssembly
Native extension for WindowsStandalone target not found
Native extension for WebGL target not found
Refreshing native plugins compatible for Editor in 0.36 ms, found 1 plugins.
Preloading 0 native plugins for Editor in 0.00 ms.
Invoked RoslynAnalysisRunner static constructor.
RoslynAnalysisRunner will not be running.
RoslynAnalysisRunner has terminated.
Mono: successfully reloaded assembly
- Completed reload, in  0.672 seconds
Platform modules already initialized, skipping
Refreshing native plugins compatible for Editor in 0.33 ms, found 1 plugins.
Preloading 0 native plugins for Editor in 0.00 ms.
Unloading 1805 Unused Serialized files (Serialized files now loaded: 0)
System memory in use before: 87.7 MB.
System memory in use after: 87.6 MB.

Unloading 12 unused Assets to reduce memory usage. Loaded Objects now: 2261.
Total: 1.699200 ms (FindLiveObjects: 0.172200 ms CreateObjectMapping: 0.039600 ms MarkObjects: 1.397700 ms  DeleteObjects: 0.089000 ms)

========================================================================
Received Import Request.
  Time since last request: 11.665849 seconds.
  path: Assets/Scripts/GameManager.cs
  artifactKey: Guid(51487d40e0f69ec4a8e1584328bf00e2) Importer(815301076,1909f56bfc062723c751e8b465ee728b)
Start importing Assets/Scripts/GameManager.cs using Guid(51487d40e0f69ec4a8e1584328bf00e2) Importer(815301076,1909f56bfc062723c751e8b465ee728b)  -> (artifact id: '915f63d93c8ba8eb8197b7ec32b28c38') in 0.004712 seconds
  Import took 0.007360 seconds .

========================================================================
Received Import Request.
  Time since last request: 0.001577 seconds.
  path: Assets/Scripts/GameManager.cs
  artifactKey: Guid(51487d40e0f69ec4a8e1584328bf00e2) Importer(815301076,1909f56bfc062723c751e8b465ee728b)
Start importing Assets/Scripts/GameManager.cs using Guid(51487d40e0f69ec4a8e1584328bf00e2) Importer(815301076,1909f56bfc062723c751e8b465ee728b)  -> (artifact id: '915f63d93c8ba8eb8197b7ec32b28c38') in 0.002238 seconds
  Import took 0.004288 seconds .

========================================================================
Received Prepare
Registering precompiled user dll's ...
Registered in 0.001205 seconds.
Begin MonoManager ReloadAssembly
Native extension for WindowsStandalone target not found
Native extension for WebGL target not found
Refreshing native plugins compatible for Editor in 0.37 ms, found 1 plugins.
Preloading 0 native plugins for Editor in 0.00 ms.
Invoked RoslynAnalysisRunner static constructor.
RoslynAnalysisRunner will not be running.
RoslynAnalysisRunner has terminated.
Mono: successfully reloaded assembly
- Completed reload, in  0.663 seconds
Platform modules already initialized, skipping
Refreshing native plugins compatible for Editor in 0.33 ms, found 1 plugins.
Preloading 0 native plugins for Editor in 0.00 ms.
Unloading 1805 Unused Serialized files (Serialized files now loaded: 0)
System memory in use before: 87.7 MB.
System memory in use after: 87.7 MB.

Unloading 12 unused Assets to reduce memory usage. Loaded Objects now: 2265.
Total: 1.823300 ms (FindLiveObjects: 0.182000 ms CreateObjectMapping: 0.046400 ms MarkObjects: 1.506700 ms  DeleteObjects: 0.087500 ms)

========================================================================
Received Prepare
Registering precompiled user dll's ...
Registered in 0.001157 seconds.
Begin MonoManager ReloadAssembly
Native extension for WindowsStandalone target not found
Native extension for WebGL target not found
Refreshing native plugins compatible for Editor in 0.39 ms, found 1 plugins.
Preloading 0 native plugins for Editor in 0.00 ms.
Invoked RoslynAnalysisRunner static constructor.
RoslynAnalysisRunner will not be running.
RoslynAnalysisRunner has terminated.
Mono: successfully reloaded assembly
- Completed reload, in  0.659 seconds
Platform modules already initialized, skipping
Refreshing native plugins compatible for Editor in 0.34 ms, found 1 plugins.
Preloading 0 native plugins for Editor in 0.00 ms.
Unloading 1805 Unused Serialized files (Serialized files now loaded: 0)
System memory in use before: 87.7 MB.
System memory in use after: 87.7 MB.

Unloading 12 unused Assets to reduce memory usage. Loaded Objects now: 2269.
Total: 1.886600 ms (FindLiveObjects: 0.220100 ms CreateObjectMapping: 0.042100 ms MarkObjects: 1.522400 ms  DeleteObjects: 0.100900 ms)

========================================================================
Received Import Request.
  Time since last request: 39.991226 seconds.
  path: Assets/Scripts/GameManager.cs
  artifactKey: Guid(51487d40e0f69ec4a8e1584328bf00e2) Importer(815301076,1909f56bfc062723c751e8b465ee728b)
Start importing Assets/Scripts/GameManager.cs using Guid(51487d40e0f69ec4a8e1584328bf00e2) Importer(815301076,1909f56bfc062723c751e8b465ee728b)  -> (artifact id: '426c79d88662256533b5c04ab1b70097') in 0.005212 seconds
  Import took 0.021943 seconds .

========================================================================
Received Import Request.
  Time since last request: 801.421847 seconds.
  path: Assets/Scripts/PlayerController.cs
  artifactKey: Guid(3e468b68f424ca94f855edb7795044f4) Importer(815301076,1909f56bfc062723c751e8b465ee728b)
Start importing Assets/Scripts/PlayerController.cs using Guid(3e468b68f424ca94f855edb7795044f4) Importer(815301076,1909f56bfc062723c751e8b465ee728b)  -> (artifact id: '20c7744409483129d503212029f38442') in 0.002361 seconds
  Import took 0.005092 seconds .

========================================================================
Received Import Request.
  Time since last request: 0.000879 seconds.
  path: Assets/Scripts/PlayerController.cs
  artifactKey: Guid(3e468b68f424ca94f855edb7795044f4) Importer(815301076,1909f56bfc062723c751e8b465ee728b)
Start importing Assets/Scripts/PlayerController.cs using Guid(3e468b68f424ca94f855edb7795044f4) Importer(815301076,1909f56bfc062723c751e8b465ee728b)  -> (artifact id: '20c7744409483129d503212029f38442') in 0.002403 seconds
  Import took 0.004673 seconds .

========================================================================
Received Prepare
Registering precompiled user dll's ...
Registered in 0.001185 seconds.
Begin MonoManager ReloadAssembly
Native extension for WindowsStandalone target not found
Native extension for WebGL target not found
Refreshing native plugins compatible for Editor in 0.36 ms, found 1 plugins.
Preloading 0 native plugins for Editor in 0.00 ms.
Invoked RoslynAnalysisRunner static constructor.
RoslynAnalysisRunner will not be running.
RoslynAnalysisRunner has terminated.
Mono: successfully reloaded assembly
- Completed reload, in  0.662 seconds
Platform modules already initialized, skipping
Refreshing native plugins compatible for Editor in 0.37 ms, found 1 plugins.
Preloading 0 native plugins for Editor in 0.00 ms.
Unloading 1805 Unused Serialized files (Serialized files now loaded: 0)
System memory in use before: 87.7 MB.
System memory in use after: 87.7 MB.

Unloading 12 unused Assets to reduce memory usage. Loaded Objects now: 2273.
Total: 1.767500 ms (FindLiveObjects: 0.193300 ms CreateObjectMapping: 0.046700 ms MarkObjects: 1.426800 ms  DeleteObjects: 0.099900 ms)

========================================================================
Received Import Request.
  Time since last request: 21.803773 seconds.
  path: Assets/Scripts/PlayerController.cs
  artifactKey: Guid(3e468b68f424ca94f855edb7795044f4) Importer(815301076,1909f56bfc062723c751e8b465ee728b)
Start importing Assets/Scripts/PlayerController.cs using Guid(3e468b68f424ca94f855edb7795044f4) Importer(815301076,1909f56bfc062723c751e8b465ee728b)  -> (artifact id: '8b696dfdd8d145935c0027550c2aaef5') in 0.004769 seconds
  Import took 0.007018 seconds .

========================================================================
Received Prepare
Registering precompiled user dll's ...
Registered in 0.001338 seconds.
Begin MonoManager ReloadAssembly
Native extension for WindowsStandalone target not found
Native extension for WebGL target not found
Refreshing native plugins compatible for Editor in 0.36 ms, found 1 plugins.
Preloading 0 native plugins for Editor in 0.00 ms.
Invoked RoslynAnalysisRunner static constructor.
RoslynAnalysisRunner will not be running.
RoslynAnalysisRunner has terminated.
Mono: successfully reloaded assembly
- Completed reload, in  0.656 seconds
Platform modules already initialized, skipping
Refreshing native plugins compatible for Editor in 0.35 ms, found 1 plugins.
Preloading 0 native plugins for Editor in 0.00 ms.
Unloading 1805 Unused Serialized files (Serialized files now loaded: 0)
System memory in use before: 87.7 MB.
System memory in use after: 87.7 MB.

Unloading 12 unused Assets to reduce memory usage. Loaded Objects now: 2277.
Total: 1.788400 ms (FindLiveObjects: 0.251800 ms CreateObjectMapping: 0.039700 ms MarkObjects: 1.391700 ms  DeleteObjects: 0.104600 ms)

========================================================================
Received Import Request.
  Time since last request: 46.950187 seconds.
  path: Assets/Scripts/GameManager.cs
  artifactKey: Guid(51487d40e0f69ec4a8e1584328bf00e2) Importer(815301076,1909f56bfc062723c751e8b465ee728b)
Start importing Assets/Scripts/GameManager.cs using Guid(51487d40e0f69ec4a8e1584328bf00e2) Importer(815301076,1909f56bfc062723c751e8b465ee728b)  -> (artifact id: '3c611a95a9b7bad7889336acc762235f') in 0.005765 seconds
  Import took 0.008322 seconds .

========================================================================
Received Import Request.
  Time since last request: 9.817365 seconds.
  path: Assets/Scripts/GameManager.cs
  artifactKey: Guid(51487d40e0f69ec4a8e1584328bf00e2) Importer(815301076,1909f56bfc062723c751e8b465ee728b)
Start importing Assets/Scripts/GameManager.cs using Guid(51487d40e0f69ec4a8e1584328bf00e2) Importer(815301076,1909f56bfc062723c751e8b465ee728b)  -> (artifact id: '8b81e0c0aeb423f64dfaf032001c1976') in 0.002661 seconds
  Import took 0.005548 seconds .

========================================================================
Received Import Request.
  Time since last request: 35.019900 seconds.
  path: Assets/Scripts/GameManager.cs
  artifactKey: Guid(51487d40e0f69ec4a8e1584328bf00e2) Importer(815301076,1909f56bfc062723c751e8b465ee728b)
Start importing Assets/Scripts/GameManager.cs using Guid(51487d40e0f69ec4a8e1584328bf00e2) Importer(815301076,1909f56bfc062723c751e8b465ee728b)  -> (artifact id: '912b4a3a8cdaa9fbea2ddafd21a4f98c') in 0.003226 seconds
  Import took 0.005943 seconds .

========================================================================
Received Prepare
Registering precompiled user dll's ...
Registered in 0.001161 seconds.
Begin MonoManager ReloadAssembly
Native extension for WindowsStandalone target not found
Native extension for WebGL target not found
Refreshing native plugins compatible for Editor in 0.37 ms, found 1 plugins.
Preloading 0 native plugins for Editor in 0.00 ms.
Invoked RoslynAnalysisRunner static constructor.
RoslynAnalysisRunner will not be running.
RoslynAnalysisRunner has terminated.
Mono: successfully reloaded assembly
- Completed reload, in  0.653 seconds
Platform modules already initialized, skipping
Refreshing native plugins compatible for Editor in 0.36 ms, found 1 plugins.
Preloading 0 native plugins for Editor in 0.00 ms.
Unloading 1805 Unused Serialized files (Serialized files now loaded: 0)
System memory in use before: 87.7 MB.
System memory in use after: 87.7 MB.

Unloading 12 unused Assets to reduce memory usage. Loaded Objects now: 2281.
Total: 1.893200 ms (FindLiveObjects: 0.200800 ms CreateObjectMapping: 0.041100 ms MarkObjects: 1.549900 ms  DeleteObjects: 0.100700 ms)

========================================================================
Received Import Request.
  Time since last request: 32.330208 seconds.
  path: Assets/Scripts/GameManager.cs
  artifactKey: Guid(51487d40e0f69ec4a8e1584328bf00e2) Importer(815301076,1909f56bfc062723c751e8b465ee728b)
Start importing Assets/Scripts/GameManager.cs using Guid(51487d40e0f69ec4a8e1584328bf00e2) Importer(815301076,1909f56bfc062723c751e8b465ee728b)  -> (artifact id: 'e8d0cd55083bbc56a3632dee706303ba') in 0.004630 seconds
  Import took 0.007081 seconds .

========================================================================
Received Prepare
Registering precompiled user dll's ...
Registered in 0.001415 seconds.
Begin MonoManager ReloadAssembly
Native extension for WindowsStandalone target not found
Native extension for WebGL target not found
Refreshing native plugins compatible for Editor in 0.36 ms, found 1 plugins.
Preloading 0 native plugins for Editor in 0.00 ms.
Invoked RoslynAnalysisRunner static constructor.
RoslynAnalysisRunner will not be running.
RoslynAnalysisRunner has terminated.
Mono: successfully reloaded assembly
- Completed reload, in  0.667 seconds
Platform modules already initialized, skipping
Refreshing native plugins compatible for Editor in 0.34 ms, found 1 plugins.
Preloading 0 native plugins for Editor in 0.00 ms.
Unloading 1805 Unused Serialized files (Serialized files now loaded: 0)
System memory in use before: 87.8 MB.
System memory in use after: 87.7 MB.

Unloading 12 unused Assets to reduce memory usage. Loaded Objects now: 2285.
Total: 1.753000 ms (FindLiveObjects: 0.207600 ms CreateObjectMapping: 0.041200 ms MarkObjects: 1.405500 ms  DeleteObjects: 0.097800 ms)

========================================================================
Received Prepare
Registering precompiled user dll's ...
Registered in 0.000914 seconds.
Begin MonoManager ReloadAssembly
Native extension for WindowsStandalone target not found
Native extension for WebGL target not found
Refreshing native plugins compatible for Editor in 0.37 ms, found 1 plugins.
Preloading 0 native plugins for Editor in 0.00 ms.
Invoked RoslynAnalysisRunner static constructor.
RoslynAnalysisRunner will not be running.
RoslynAnalysisRunner has terminated.
Mono: successfully reloaded assembly
- Completed reload, in  0.672 seconds
Platform modules already initialized, skipping
Refreshing native plugins compatible for Editor in 0.35 ms, found 1 plugins.
Preloading 0 native plugins for Editor in 0.00 ms.
Unloading 1805 Unused Serialized files (Serialized files now loaded: 0)
System memory in use before: 87.8 MB.
System memory in use after: 87.7 MB.

Unloading 12 unused Assets to reduce memory usage. Loaded Objects now: 2289.
Total: 1.833700 ms (FindLiveObjects: 0.189200 ms CreateObjectMapping: 0.046700 ms MarkObjects: 1.502100 ms  DeleteObjects: 0.094800 ms)

========================================================================
Received Import Request.
  Time since last request: 2639.526673 seconds.
  path: Assets/Scripts/ChangeScene.cs
  artifactKey: Guid(159678a027ff7d540b0767661ca3b8ce) Importer(815301076,1909f56bfc062723c751e8b465ee728b)
Start importing Assets/Scripts/ChangeScene.cs using Guid(159678a027ff7d540b0767661ca3b8ce) Importer(815301076,1909f56bfc062723c751e8b465ee728b)  -> (artifact id: '2afd18bb2168ffc844cee69953cd5387') in 0.006168 seconds
  Import took 0.028066 seconds .

========================================================================
Received Prepare
Registering precompiled user dll's ...
Registered in 0.000927 seconds.
Begin MonoManager ReloadAssembly
Native extension for WindowsStandalone target not found
Native extension for WebGL target not found
Refreshing native plugins compatible for Editor in 0.36 ms, found 1 plugins.
Preloading 0 native plugins for Editor in 0.00 ms.
Invoked RoslynAnalysisRunner static constructor.
RoslynAnalysisRunner will not be running.
RoslynAnalysisRunner has terminated.
Mono: successfully reloaded assembly
- Completed reload, in  0.653 seconds
Platform modules already initialized, skipping
Refreshing native plugins compatible for Editor in 0.34 ms, found 1 plugins.
Preloading 0 native plugins for Editor in 0.00 ms.
Unloading 1806 Unused Serialized files (Serialized files now loaded: 0)
System memory in use before: 87.8 MB.
System memory in use after: 87.8 MB.

Unloading 12 unused Assets to reduce memory usage. Loaded Objects now: 2294.
Total: 1.780000 ms (FindLiveObjects: 0.188500 ms CreateObjectMapping: 0.047500 ms MarkObjects: 1.449700 ms  DeleteObjects: 0.093600 ms)

========================================================================
Received Prepare
Registering precompiled user dll's ...
Registered in 0.001161 seconds.
Begin MonoManager ReloadAssembly
Native extension for WindowsStandalone target not found
Native extension for WebGL target not found
Refreshing native plugins compatible for Editor in 0.37 ms, found 1 plugins.
Preloading 0 native plugins for Editor in 0.00 ms.
Invoked RoslynAnalysisRunner static constructor.
RoslynAnalysisRunner will not be running.
RoslynAnalysisRunner has terminated.
Mono: successfully reloaded assembly
- Completed reload, in  0.654 seconds
Platform modules already initialized, skipping
Refreshing native plugins compatible for Editor in 0.35 ms, found 1 plugins.
Preloading 0 native plugins for Editor in 0.00 ms.
Unloading 1806 Unused Serialized files (Serialized files now loaded: 0)
System memory in use before: 87.8 MB.
System memory in use after: 87.8 MB.

Unloading 12 unused Assets to reduce memory usage. Loaded Objects now: 2298.
Total: 1.740200 ms (FindLiveObjects: 0.179400 ms CreateObjectMapping: 0.040200 ms MarkObjects: 1.426400 ms  DeleteObjects: 0.093500 ms)

========================================================================
Received Import Request.
  Time since last request: 357.956403 seconds.
  path: Assets/Prefabs/Canvas.prefab
  artifactKey: Guid(d94c14c48b46a754f896918a625adf26) Importer(815301076,1909f56bfc062723c751e8b465ee728b)
Start importing Assets/Prefabs/Canvas.prefab using Guid(d94c14c48b46a754f896918a625adf26) Importer(815301076,1909f56bfc062723c751e8b465ee728b)  -> (artifact id: 'c7a1e1fdc402d5ee045d471df1b9eb34') in 0.038970 seconds
  Import took 0.041869 seconds .

========================================================================
Received Import Request.
  Time since last request: 0.000251 seconds.
  path: Assets/Prefabs/Canvas.prefab
  artifactKey: Guid(d94c14c48b46a754f896918a625adf26) Importer(815301076,1909f56bfc062723c751e8b465ee728b)
Start importing Assets/Prefabs/Canvas.prefab using Guid(d94c14c48b46a754f896918a625adf26) Importer(815301076,1909f56bfc062723c751e8b465ee728b)  -> (artifact id: 'c7a1e1fdc402d5ee045d471df1b9eb34') in 0.003793 seconds
  Import took 0.005812 seconds .

========================================================================
Received Prepare
Registering precompiled user dll's ...
Registered in 0.001288 seconds.
Begin MonoManager ReloadAssembly
Native extension for WindowsStandalone target not found
Native extension for WebGL target not found
Refreshing native plugins compatible for Editor in 0.38 ms, found 1 plugins.
Preloading 0 native plugins for Editor in 0.00 ms.
Invoked RoslynAnalysisRunner static constructor.
RoslynAnalysisRunner will not be running.
RoslynAnalysisRunner has terminated.
Mono: successfully reloaded assembly
- Completed reload, in  0.692 seconds
Platform modules already initialized, skipping
Refreshing native plugins compatible for Editor in 0.36 ms, found 1 plugins.
Preloading 0 native plugins for Editor in 0.00 ms.
Unloading 1806 Unused Serialized files (Serialized files now loaded: 0)
System memory in use before: 87.9 MB.
System memory in use after: 87.9 MB.

Unloading 14 unused Assets to reduce memory usage. Loaded Objects now: 2304.
Total: 1.957100 ms (FindLiveObjects: 0.221100 ms CreateObjectMapping: 0.041300 ms MarkObjects: 1.579100 ms  DeleteObjects: 0.114400 ms)

========================================================================
Received Import Request.
  Time since last request: 94.200261 seconds.
  path: Assets/Scripts/NewBehaviourScript.cs
  artifactKey: Guid(19acefdee1ce98b49a3c13ad4d1145f3) Importer(815301076,1909f56bfc062723c751e8b465ee728b)
Start importing Assets/Scripts/NewBehaviourScript.cs using Guid(19acefdee1ce98b49a3c13ad4d1145f3) Importer(815301076,1909f56bfc062723c751e8b465ee728b)  -> (artifact id: '30ea3f197e55eb229aa64c866bf3ff7f') in 0.004920 seconds
  Import took 0.007406 seconds .

========================================================================
Received Prepare
Registering precompiled user dll's ...
Registered in 0.001175 seconds.
Begin MonoManager ReloadAssembly
Native extension for WindowsStandalone target not found
Native extension for WebGL target not found
Refreshing native plugins compatible for Editor in 0.37 ms, found 1 plugins.
Preloading 0 native plugins for Editor in 0.00 ms.
Invoked RoslynAnalysisRunner static constructor.
RoslynAnalysisRunner will not be running.
RoslynAnalysisRunner has terminated.
Mono: successfully reloaded assembly
- Completed reload, in  0.662 seconds
Platform modules already initialized, skipping
Refreshing native plugins compatible for Editor in 0.37 ms, found 1 plugins.
Preloading 0 native plugins for Editor in 0.00 ms.
Unloading 1806 Unused Serialized files (Serialized files now loaded: 0)
System memory in use before: 87.9 MB.
System memory in use after: 87.9 MB.

Unloading 12 unused Assets to reduce memory usage. Loaded Objects now: 2308.
Total: 2.013900 ms (FindLiveObjects: 0.238800 ms CreateObjectMapping: 0.048600 ms MarkObjects: 1.610200 ms  DeleteObjects: 0.115300 ms)

========================================================================
Received Prepare
Registering precompiled user dll's ...
Registered in 0.001184 seconds.
Begin MonoManager ReloadAssembly
Native extension for WindowsStandalone target not found
Native extension for WebGL target not found
Refreshing native plugins compatible for Editor in 0.36 ms, found 1 plugins.
Preloading 0 native plugins for Editor in 0.00 ms.
Invoked RoslynAnalysisRunner static constructor.
RoslynAnalysisRunner will not be running.
RoslynAnalysisRunner has terminated.
Mono: successfully reloaded assembly
- Completed reload, in  0.664 seconds
Platform modules already initialized, skipping
Refreshing native plugins compatible for Editor in 0.40 ms, found 1 plugins.
Preloading 0 native plugins for Editor in 0.00 ms.
Unloading 1806 Unused Serialized files (Serialized files now loaded: 0)
System memory in use before: 87.9 MB.
System memory in use after: 87.9 MB.

Unloading 12 unused Assets to reduce memory usage. Loaded Objects now: 2312.
Total: 1.961900 ms (FindLiveObjects: 0.211500 ms CreateObjectMapping: 0.046900 ms MarkObjects: 1.592400 ms  DeleteObjects: 0.110300 ms)

========================================================================
Received Import Request.
  Time since last request: 5.536100 seconds.
  path: Assets/Scripts/PlayerController.cs
  artifactKey: Guid(3e468b68f424ca94f855edb7795044f4) Importer(815301076,1909f56bfc062723c751e8b465ee728b)
Start importing Assets/Scripts/PlayerController.cs using Guid(3e468b68f424ca94f855edb7795044f4) Importer(815301076,1909f56bfc062723c751e8b465ee728b)  -> (artifact id: 'a6ccba4531277089b8a3dd92e5a6c7f9') in 0.004493 seconds
  Import took 0.006849 seconds .

========================================================================
Received Prepare
Registering precompiled user dll's ...
Registered in 0.001273 seconds.
Begin MonoManager ReloadAssembly
Native extension for WindowsStandalone target not found
Native extension for WebGL target not found
Refreshing native plugins compatible for Editor in 0.37 ms, found 1 plugins.
Preloading 0 native plugins for Editor in 0.00 ms.
Invoked RoslynAnalysisRunner static constructor.
RoslynAnalysisRunner will not be running.
RoslynAnalysisRunner has terminated.
Mono: successfully reloaded assembly
- Completed reload, in  0.706 seconds
Platform modules already initialized, skipping
Refreshing native plugins compatible for Editor in 0.45 ms, found 1 plugins.
Preloading 0 native plugins for Editor in 0.00 ms.
Unloading 1806 Unused Serialized files (Serialized files now loaded: 0)
System memory in use before: 87.9 MB.
System memory in use after: 87.9 MB.

Unloading 12 unused Assets to reduce memory usage. Loaded Objects now: 2316.
Total: 1.995800 ms (FindLiveObjects: 0.243600 ms CreateObjectMapping: 0.040900 ms MarkObjects: 1.608100 ms  DeleteObjects: 0.102500 ms)

========================================================================
Received Prepare
Registering precompiled user dll's ...
Registered in 0.001110 seconds.
Begin MonoManager ReloadAssembly
Native extension for WindowsStandalone target not found
Native extension for WebGL target not found
Refreshing native plugins compatible for Editor in 0.37 ms, found 1 plugins.
Preloading 0 native plugins for Editor in 0.00 ms.
Invoked RoslynAnalysisRunner static constructor.
RoslynAnalysisRunner will not be running.
RoslynAnalysisRunner has terminated.
Mono: successfully reloaded assembly
- Completed reload, in  0.658 seconds
Platform modules already initialized, skipping
Refreshing native plugins compatible for Editor in 0.39 ms, found 1 plugins.
Preloading 0 native plugins for Editor in 0.00 ms.
Unloading 1806 Unused Serialized files (Serialized files now loaded: 0)
System memory in use before: 87.9 MB.
System memory in use after: 87.9 MB.

Unloading 12 unused Assets to reduce memory usage. Loaded Objects now: 2320.
Total: 2.033900 ms (FindLiveObjects: 0.225900 ms CreateObjectMapping: 0.043000 ms MarkObjects: 1.647700 ms  DeleteObjects: 0.116500 ms)

========================================================================
Received Prepare
Registering precompiled user dll's ...
Registered in 0.001014 seconds.
Begin MonoManager ReloadAssembly
Native extension for WindowsStandalone target not found
Native extension for WebGL target not found
Refreshing native plugins compatible for Editor in 0.37 ms, found 1 plugins.
Preloading 0 native plugins for Editor in 0.00 ms.
Invoked RoslynAnalysisRunner static constructor.
RoslynAnalysisRunner will not be running.
RoslynAnalysisRunner has terminated.
Mono: successfully reloaded assembly
- Completed reload, in  0.651 seconds
Platform modules already initialized, skipping
Refreshing native plugins compatible for Editor in 0.36 ms, found 1 plugins.
Preloading 0 native plugins for Editor in 0.00 ms.
Unloading 1806 Unused Serialized files (Serialized files now loaded: 0)
System memory in use before: 87.9 MB.
System memory in use after: 87.9 MB.

Unloading 12 unused Assets to reduce memory usage. Loaded Objects now: 2324.
Total: 1.842100 ms (FindLiveObjects: 0.206000 ms CreateObjectMapping: 0.046600 ms MarkObjects: 1.493500 ms  DeleteObjects: 0.094800 ms)

========================================================================
Received Prepare
Registering precompiled user dll's ...
Registered in 0.001228 seconds.
Begin MonoManager ReloadAssembly
Native extension for WindowsStandalone target not found
Native extension for WebGL target not found
Refreshing native plugins compatible for Editor in 0.36 ms, found 1 plugins.
Preloading 0 native plugins for Editor in 0.00 ms.
Invoked RoslynAnalysisRunner static constructor.
RoslynAnalysisRunner will not be running.
RoslynAnalysisRunner has terminated.
Mono: successfully reloaded assembly
- Completed reload, in  0.661 seconds
Platform modules already initialized, skipping
Refreshing native plugins compatible for Editor in 0.34 ms, found 1 plugins.
Preloading 0 native plugins for Editor in 0.00 ms.
Unloading 1806 Unused Serialized files (Serialized files now loaded: 0)
System memory in use before: 87.9 MB.
System memory in use after: 87.9 MB.

Unloading 12 unused Assets to reduce memory usage. Loaded Objects now: 2328.
Total: 2.054900 ms (FindLiveObjects: 0.237900 ms CreateObjectMapping: 0.047300 ms MarkObjects: 1.667300 ms  DeleteObjects: 0.101500 ms)

========================================================================
Received Import Request.
  Time since last request: 309.093523 seconds.
  path: Assets/Prefabs/Goal.prefab
  artifactKey: Guid(7863809c3312442438f9cd69e8f2fe3b) Importer(815301076,1909f56bfc062723c751e8b465ee728b)
Start importing Assets/Prefabs/Goal.prefab using Guid(7863809c3312442438f9cd69e8f2fe3b) Importer(815301076,1909f56bfc062723c751e8b465ee728b)  -> (artifact id: 'da7d8dbbb37d7a41b2554a30f6cdb00b') in 0.061057 seconds
  Import took 0.063967 seconds .

========================================================================
Received Prepare
Registering precompiled user dll's ...
Registered in 0.001191 seconds.
Begin MonoManager ReloadAssembly
Native extension for WindowsStandalone target not found
Native extension for WebGL target not found
Refreshing native plugins compatible for Editor in 0.36 ms, found 1 plugins.
Preloading 0 native plugins for Editor in 0.00 ms.
Invoked RoslynAnalysisRunner static constructor.
RoslynAnalysisRunner will not be running.
RoslynAnalysisRunner has terminated.
Mono: successfully reloaded assembly
- Completed reload, in  0.650 seconds
Platform modules already initialized, skipping
Refreshing native plugins compatible for Editor in 0.34 ms, found 1 plugins.
Preloading 0 native plugins for Editor in 0.00 ms.
Unloading 1806 Unused Serialized files (Serialized files now loaded: 0)
System memory in use before: 91.0 MB.
System memory in use after: 91.0 MB.

Unloading 12 unused Assets to reduce memory usage. Loaded Objects now: 2339.
Total: 1.764100 ms (FindLiveObjects: 0.199000 ms CreateObjectMapping: 0.046800 ms MarkObjects: 1.427300 ms  DeleteObjects: 0.090200 ms)

========================================================================
Received Import Request.
  Time since last request: 316.018039 seconds.
  path: Assets/Scenes/SampleScene.unity
  artifactKey: Guid(2cda990e2423bbf4892e6590ba056729) Importer(815301076,1909f56bfc062723c751e8b465ee728b)
Start importing Assets/Scenes/SampleScene.unity using Guid(2cda990e2423bbf4892e6590ba056729) Importer(815301076,1909f56bfc062723c751e8b465ee728b)  -> (artifact id: '8a3961cc98db40ffd079339c3b0baad7') in 0.010584 seconds
  Import took 0.013323 seconds .

========================================================================
Received Import Request.
  Time since last request: 9.889960 seconds.
  path: Assets/Scenes/Title.unity
  artifactKey: Guid(2cda990e2423bbf4892e6590ba056729) Importer(815301076,1909f56bfc062723c751e8b465ee728b)
Start importing Assets/Scenes/Title.unity using Guid(2cda990e2423bbf4892e6590ba056729) Importer(815301076,1909f56bfc062723c751e8b465ee728b)  -> (artifact id: 'e990a3555e09746b7e4e8367df2b3663') in 0.002541 seconds
  Import took 0.005184 seconds .

========================================================================
Received Import Request.
  Time since last request: 29.999818 seconds.
  path: Assets/Scenes/Title.unity
  artifactKey: Guid(2cda990e2423bbf4892e6590ba056729) Importer(815301076,1909f56bfc062723c751e8b465ee728b)
Start importing Assets/Scenes/Title.unity using Guid(2cda990e2423bbf4892e6590ba056729) Importer(815301076,1909f56bfc062723c751e8b465ee728b)  -> (artifact id: '289f03894bb65f524531280c1a02d723') in 0.002583 seconds
  Import took 0.005221 seconds .

========================================================================
Received Import Request.
  Time since last request: 5.611492 seconds.
  path: Assets/Scenes/Stage1.unity
  artifactKey: Guid(f774d1c9eb1faa24893e2c28b6ca42dc) Importer(815301076,1909f56bfc062723c751e8b465ee728b)
Start importing Assets/Scenes/Stage1.unity using Guid(f774d1c9eb1faa24893e2c28b6ca42dc) Importer(815301076,1909f56bfc062723c751e8b465ee728b)  -> (artifact id: '165bc36293acdbfdd0f9b2bbd3ea8ab4') in 0.002586 seconds
  Import took 0.005213 seconds .

========================================================================
Received Prepare
Registering precompiled user dll's ...
Registered in 0.001169 seconds.
Begin MonoManager ReloadAssembly
Native extension for WindowsStandalone target not found
Native extension for WebGL target not found
Refreshing native plugins compatible for Editor in 0.36 ms, found 1 plugins.
Preloading 0 native plugins for Editor in 0.00 ms.
Invoked RoslynAnalysisRunner static constructor.
RoslynAnalysisRunner will not be running.
RoslynAnalysisRunner has terminated.
Mono: successfully reloaded assembly
- Completed reload, in  0.655 seconds
Platform modules already initialized, skipping
Refreshing native plugins compatible for Editor in 0.35 ms, found 1 plugins.
Preloading 0 native plugins for Editor in 0.00 ms.
Unloading 1806 Unused Serialized files (Serialized files now loaded: 0)
System memory in use before: 91.1 MB.
System memory in use after: 91.0 MB.

Unloading 12 unused Assets to reduce memory usage. Loaded Objects now: 2343.
Total: 1.801700 ms (FindLiveObjects: 0.193800 ms CreateObjectMapping: 0.041700 ms MarkObjects: 1.468100 ms  DeleteObjects: 0.097100 ms)

========================================================================
Received Import Request.
  Time since last request: 485.173257 seconds.
  path: Assets/Scenes/New Scene.unity
  artifactKey: Guid(8f045cda138b3f94bbf3c172fb053c4f) Importer(815301076,1909f56bfc062723c751e8b465ee728b)
Start importing Assets/Scenes/New Scene.unity using Guid(8f045cda138b3f94bbf3c172fb053c4f) Importer(815301076,1909f56bfc062723c751e8b465ee728b)  -> (artifact id: '54d8c2ffa3899e57c28c72e0d1acedbd') in 0.010608 seconds
  Import took 0.013371 seconds .

========================================================================
Received Import Request.
  Time since last request: 13.321242 seconds.
  path: Assets/Scenes/Stage1 1.unity
  artifactKey: Guid(098c26378295a7845a7df2a9bcfa21e2) Importer(815301076,1909f56bfc062723c751e8b465ee728b)
Start importing Assets/Scenes/Stage1 1.unity using Guid(098c26378295a7845a7df2a9bcfa21e2) Importer(815301076,1909f56bfc062723c751e8b465ee728b)  -> (artifact id: 'e09dfafb1bd38164b90c10ae4dc8638a') in 0.002714 seconds
  Import took 0.005447 seconds .

========================================================================
Received Import Request.
  Time since last request: 12.118116 seconds.
  path: Assets/Scenes/Stage2.unity
  artifactKey: Guid(098c26378295a7845a7df2a9bcfa21e2) Importer(815301076,1909f56bfc062723c751e8b465ee728b)
Start importing Assets/Scenes/Stage2.unity using Guid(098c26378295a7845a7df2a9bcfa21e2) Importer(815301076,1909f56bfc062723c751e8b465ee728b)  -> (artifact id: '4567c487fd3ea9ffcedf0c91c9b9fd51') in 0.002661 seconds
  Import took 0.005433 seconds .

========================================================================
Received Import Request.
  Time since last request: 0.002132 seconds.
  path: Assets/Scenes/Stage2.unity
  artifactKey: Guid(098c26378295a7845a7df2a9bcfa21e2) Importer(815301076,1909f56bfc062723c751e8b465ee728b)
Start importing Assets/Scenes/Stage2.unity using Guid(098c26378295a7845a7df2a9bcfa21e2) Importer(815301076,1909f56bfc062723c751e8b465ee728b)  -> (artifact id: '4567c487fd3ea9ffcedf0c91c9b9fd51') in 0.002793 seconds
  Import took 0.005545 seconds .

========================================================================
Received Import Request.
  Time since last request: 1125.011255 seconds.
  path: Assets/Scripts/CameraManager.cs
  artifactKey: Guid(94e4e7df97567fe4eabab82948c7ab73) Importer(815301076,1909f56bfc062723c751e8b465ee728b)
Start importing Assets/Scripts/CameraManager.cs using Guid(94e4e7df97567fe4eabab82948c7ab73) Importer(815301076,1909f56bfc062723c751e8b465ee728b)  -> (artifact id: '2633b6c1ba7955f4c544a6ac91a92809') in 0.002273 seconds
  Import took 0.005294 seconds .

========================================================================
Received Prepare
Registering precompiled user dll's ...
Registered in 0.000870 seconds.
Begin MonoManager ReloadAssembly
Native extension for WindowsStandalone target not found
Native extension for WebGL target not found
Refreshing native plugins compatible for Editor in 0.37 ms, found 1 plugins.
Preloading 0 native plugins for Editor in 0.00 ms.
Invoked RoslynAnalysisRunner static constructor.
RoslynAnalysisRunner will not be running.
RoslynAnalysisRunner has terminated.
Mono: successfully reloaded assembly
- Completed reload, in  0.666 seconds
Platform modules already initialized, skipping
Refreshing native plugins compatible for Editor in 0.34 ms, found 1 plugins.
Preloading 0 native plugins for Editor in 0.00 ms.
Unloading 1807 Unused Serialized files (Serialized files now loaded: 0)
System memory in use before: 91.1 MB.
System memory in use after: 91.1 MB.

Unloading 12 unused Assets to reduce memory usage. Loaded Objects now: 2348.
Total: 1.782600 ms (FindLiveObjects: 0.201500 ms CreateObjectMapping: 0.045700 ms MarkObjects: 1.431600 ms  DeleteObjects: 0.102700 ms)

========================================================================
Received Import Request.
  Time since last request: 1070.081473 seconds.
  path: Assets/Scripts/CameraManager.cs
  artifactKey: Guid(94e4e7df97567fe4eabab82948c7ab73) Importer(815301076,1909f56bfc062723c751e8b465ee728b)
Start importing Assets/Scripts/CameraManager.cs using Guid(94e4e7df97567fe4eabab82948c7ab73) Importer(815301076,1909f56bfc062723c751e8b465ee728b)  -> (artifact id: 'ab98ba2266b66d9b2fd3c8aade6821de') in 0.005338 seconds
  Import took 0.008352 seconds .

========================================================================
Received Prepare
Registering precompiled user dll's ...
Registered in 0.001142 seconds.
Begin MonoManager ReloadAssembly
Native extension for WindowsStandalone target not found
Native extension for WebGL target not found
Refreshing native plugins compatible for Editor in 0.39 ms, found 1 plugins.
Preloading 0 native plugins for Editor in 0.00 ms.
Invoked RoslynAnalysisRunner static constructor.
RoslynAnalysisRunner will not be running.
RoslynAnalysisRunner has terminated.
Mono: successfully reloaded assembly
- Completed reload, in  0.667 seconds
Platform modules already initialized, skipping
Refreshing native plugins compatible for Editor in 0.33 ms, found 1 plugins.
Preloading 0 native plugins for Editor in 0.00 ms.
Unloading 1807 Unused Serialized files (Serialized files now loaded: 0)
System memory in use before: 91.1 MB.
System memory in use after: 91.1 MB.

Unloading 12 unused Assets to reduce memory usage. Loaded Objects now: 2352.
Total: 1.835400 ms (FindLiveObjects: 0.213800 ms CreateObjectMapping: 0.048800 ms MarkObjects: 1.471000 ms  DeleteObjects: 0.101000 ms)

========================================================================
Received Import Request.
  Time since last request: 231.184283 seconds.
  path: Assets/IMG_4197.jpg
  artifactKey: Guid(82ee6a4efd63e7247b1f4b21a7538757) Importer(815301076,1909f56bfc062723c751e8b465ee728b)
Start importing Assets/IMG_4197.jpg using Guid(82ee6a4efd63e7247b1f4b21a7538757) Importer(815301076,1909f56bfc062723c751e8b465ee728b)  -> (artifact id: '3c7f1c0e8a24b26cd4b081f28a6acd72') in 0.081041 seconds
  Import took 0.084021 seconds .

========================================================================
Received Import Request.
  Time since last request: 12.556415 seconds.
  path: Assets/Images
  artifactKey: Guid(a0fc700fd3af1004ea8da8d270a03734) Importer(815301076,1909f56bfc062723c751e8b465ee728b)
Start importing Assets/Images using Guid(a0fc700fd3af1004ea8da8d270a03734) Importer(815301076,1909f56bfc062723c751e8b465ee728b)  -> (artifact id: '8041967e5e2a505a56941450344db7e5') in 0.002329 seconds
  Import took 0.005038 seconds .

========================================================================
Received Prepare
Registering precompiled user dll's ...
Registered in 0.001145 seconds.
Begin MonoManager ReloadAssembly
Native extension for WindowsStandalone target not found
Native extension for WebGL target not found
Refreshing native plugins compatible for Editor in 0.36 ms, found 1 plugins.
Preloading 0 native plugins for Editor in 0.00 ms.
Invoked RoslynAnalysisRunner static constructor.
RoslynAnalysisRunner will not be running.
RoslynAnalysisRunner has terminated.
Mono: successfully reloaded assembly
- Completed reload, in  0.663 seconds
Platform modules already initialized, skipping
Refreshing native plugins compatible for Editor in 0.32 ms, found 1 plugins.
Preloading 0 native plugins for Editor in 0.00 ms.
Unloading 1807 Unused Serialized files (Serialized files now loaded: 0)
System memory in use before: 91.2 MB.
System memory in use after: 91.1 MB.

Unloading 12 unused Assets to reduce memory usage. Loaded Objects now: 2360.
Total: 1.784500 ms (FindLiveObjects: 0.192300 ms CreateObjectMapping: 0.046200 ms MarkObjects: 1.451900 ms  DeleteObjects: 0.093300 ms)

========================================================================
Received Prepare
Registering precompiled user dll's ...
Registered in 0.001186 seconds.
Begin MonoManager ReloadAssembly
Native extension for WindowsStandalone target not found
Native extension for WebGL target not found
Refreshing native plugins compatible for Editor in 0.37 ms, found 1 plugins.
Preloading 0 native plugins for Editor in 0.00 ms.
Invoked RoslynAnalysisRunner static constructor.
RoslynAnalysisRunner will not be running.
RoslynAnalysisRunner has terminated.
Mono: successfully reloaded assembly
- Completed reload, in  0.668 seconds
Platform modules already initialized, skipping
Refreshing native plugins compatible for Editor in 0.36 ms, found 1 plugins.
Preloading 0 native plugins for Editor in 0.00 ms.
Unloading 1807 Unused Serialized files (Serialized files now loaded: 0)
System memory in use before: 91.2 MB.
System memory in use after: 91.1 MB.

Unloading 12 unused Assets to reduce memory usage. Loaded Objects now: 2364.
Total: 1.829400 ms (FindLiveObjects: 0.246700 ms CreateObjectMapping: 0.040600 ms MarkObjects: 1.442600 ms  DeleteObjects: 0.098600 ms)

========================================================================
Received Import Request.
  Time since last request: 109.464510 seconds.
  path: Assets/Prefabs/Player.prefab
  artifactKey: Guid(4ba3ac365f10d5647b9b580ebff30492) Importer(815301076,1909f56bfc062723c751e8b465ee728b)
Start importing Assets/Prefabs/Player.prefab using Guid(4ba3ac365f10d5647b9b580ebff30492) Importer(815301076,1909f56bfc062723c751e8b465ee728b)  -> (artifact id: 'b785f39776bb478b89baae8f2085b40d') in 0.042614 seconds
  Import took 0.045463 seconds .

========================================================================
Received Prepare
Registering precompiled user dll's ...
Registered in 0.001187 seconds.
Begin MonoManager ReloadAssembly
Native extension for WindowsStandalone target not found
Native extension for WebGL target not found
Refreshing native plugins compatible for Editor in 0.38 ms, found 1 plugins.
Preloading 0 native plugins for Editor in 0.00 ms.
Invoked RoslynAnalysisRunner static constructor.
RoslynAnalysisRunner will not be running.
RoslynAnalysisRunner has terminated.
Mono: successfully reloaded assembly
- Completed reload, in  0.664 seconds
Platform modules already initialized, skipping
Refreshing native plugins compatible for Editor in 0.35 ms, found 1 plugins.
Preloading 0 native plugins for Editor in 0.00 ms.
Unloading 1807 Unused Serialized files (Serialized files now loaded: 0)
System memory in use before: 91.2 MB.
System memory in use after: 91.2 MB.

Unloading 12 unused Assets to reduce memory usage. Loaded Objects now: 2369.
Total: 1.828500 ms (FindLiveObjects: 0.242000 ms CreateObjectMapping: 0.045900 ms MarkObjects: 1.443600 ms  DeleteObjects: 0.096200 ms)

========================================================================
Received Prepare
Registering precompiled user dll's ...
Registered in 0.000971 seconds.
Begin MonoManager ReloadAssembly
Native extension for WindowsStandalone target not found
Native extension for WebGL target not found
Refreshing native plugins compatible for Editor in 0.37 ms, found 1 plugins.
Preloading 0 native plugins for Editor in 0.00 ms.
Invoked RoslynAnalysisRunner static constructor.
RoslynAnalysisRunner will not be running.
RoslynAnalysisRunner has terminated.
Mono: successfully reloaded assembly
- Completed reload, in  0.656 seconds
Platform modules already initialized, skipping
Refreshing native plugins compatible for Editor in 0.33 ms, found 1 plugins.
Preloading 0 native plugins for Editor in 0.00 ms.
Unloading 1807 Unused Serialized files (Serialized files now loaded: 0)
System memory in use before: 91.2 MB.
System memory in use after: 91.2 MB.

Unloading 12 unused Assets to reduce memory usage. Loaded Objects now: 2373.
Total: 1.837700 ms (FindLiveObjects: 0.196800 ms CreateObjectMapping: 0.047900 ms MarkObjects: 1.497100 ms  DeleteObjects: 0.094900 ms)

========================================================================
Received Import Request.
  Time since last request: 165.092482 seconds.
  path: Assets/Scripts/CameraManager.cs
  artifactKey: Guid(94e4e7df97567fe4eabab82948c7ab73) Importer(815301076,1909f56bfc062723c751e8b465ee728b)
Start importing Assets/Scripts/CameraManager.cs using Guid(94e4e7df97567fe4eabab82948c7ab73) Importer(815301076,1909f56bfc062723c751e8b465ee728b)  -> (artifact id: 'f8d52fc45005ff0d0ecc317d590439d2') in 0.004852 seconds
  Import took 0.007638 seconds .

========================================================================
Received Prepare
Registering precompiled user dll's ...
Registered in 0.001131 seconds.
Begin MonoManager ReloadAssembly
Native extension for WindowsStandalone target not found
Native extension for WebGL target not found
Refreshing native plugins compatible for Editor in 0.37 ms, found 1 plugins.
Preloading 0 native plugins for Editor in 0.00 ms.
Invoked RoslynAnalysisRunner static constructor.
RoslynAnalysisRunner will not be running.
RoslynAnalysisRunner has terminated.
Mono: successfully reloaded assembly
- Completed reload, in  0.670 seconds
Platform modules already initialized, skipping
Refreshing native plugins compatible for Editor in 0.33 ms, found 1 plugins.
Preloading 0 native plugins for Editor in 0.00 ms.
Unloading 1807 Unused Serialized files (Serialized files now loaded: 0)
System memory in use before: 91.2 MB.
System memory in use after: 91.2 MB.

Unloading 12 unused Assets to reduce memory usage. Loaded Objects now: 2377.
Total: 1.879200 ms (FindLiveObjects: 0.211200 ms CreateObjectMapping: 0.048600 ms MarkObjects: 1.516300 ms  DeleteObjects: 0.101900 ms)

========================================================================
Received Prepare
Registering precompiled user dll's ...
Registered in 0.000965 seconds.
Begin MonoManager ReloadAssembly
Native extension for WindowsStandalone target not found
Native extension for WebGL target not found
Refreshing native plugins compatible for Editor in 0.38 ms, found 1 plugins.
Preloading 0 native plugins for Editor in 0.00 ms.
Invoked RoslynAnalysisRunner static constructor.
RoslynAnalysisRunner will not be running.
RoslynAnalysisRunner has terminated.
Mono: successfully reloaded assembly
- Completed reload, in  0.660 seconds
Platform modules already initialized, skipping
Refreshing native plugins compatible for Editor in 0.36 ms, found 1 plugins.
Preloading 0 native plugins for Editor in 0.00 ms.
Unloading 1807 Unused Serialized files (Serialized files now loaded: 0)
System memory in use before: 91.2 MB.
System memory in use after: 91.2 MB.

Unloading 12 unused Assets to reduce memory usage. Loaded Objects now: 2381.
Total: 2.270600 ms (FindLiveObjects: 0.302200 ms CreateObjectMapping: 0.054700 ms MarkObjects: 1.780400 ms  DeleteObjects: 0.131700 ms)

========================================================================
Received Import Request.
  Time since last request: 8417.083988 seconds.
  path: Packages/com.unity.mathematics
  artifactKey: Guid(795e97ad99e2f6ffd2060ae1983b6f25) Importer(815301076,1909f56bfc062723c751e8b465ee728b)
Start importing Packages/com.unity.mathematics using Guid(795e97ad99e2f6ffd2060ae1983b6f25) Importer(815301076,1909f56bfc062723c751e8b465ee728b)  -> (artifact id: 'd72360880d5172ca6fc8d95a76b6f99f') in 0.007120 seconds
  Import took 0.010148 seconds .

========================================================================
Received Import Request.
  Time since last request: 0.226049 seconds.
  path: Packages/com.unity.mathematics/package.json
  artifactKey: Guid(d34d0af25c21141a98c0cf3c0066444f) Importer(815301076,1909f56bfc062723c751e8b465ee728b)
Start importing Packages/com.unity.mathematics/package.json using Guid(d34d0af25c21141a98c0cf3c0066444f) Importer(815301076,1909f56bfc062723c751e8b465ee728b)  -> (artifact id: 'a9d250bc5145a90b3018e13367942c87') in 0.037749 seconds
  Import took 0.040622 seconds .

========================================================================
Received Import Request.
  Time since last request: 6.397443 seconds.
  path: Packages/com.unity.ugui
  artifactKey: Guid(8f7652e09069a1943278893d4264401e) Importer(815301076,1909f56bfc062723c751e8b465ee728b)
Start importing Packages/com.unity.ugui using Guid(8f7652e09069a1943278893d4264401e) Importer(815301076,1909f56bfc062723c751e8b465ee728b)  -> (artifact id: 'bb55078cc9c7df0752395009fc491c10') in 0.002800 seconds
  Import took 0.005547 seconds .

========================================================================
Received Import Request.
  Time since last request: 0.204756 seconds.
  path: Packages/com.unity.ugui/package.json
  artifactKey: Guid(319b8889f363f5947acf209c17a94149) Importer(815301076,1909f56bfc062723c751e8b465ee728b)
Start importing Packages/com.unity.ugui/package.json using Guid(319b8889f363f5947acf209c17a94149) Importer(815301076,1909f56bfc062723c751e8b465ee728b)  -> (artifact id: 'afcafef3d83d32e2397f27795128df39') in 0.012364 seconds
  Import took 0.015097 seconds .

========================================================================
Received Import Request.
  Time since last request: 1.841747 seconds.
  path: Packages/com.unity.ugui/Tests
  artifactKey: Guid(d850db319a63d2546932ff76fe55a498) Importer(815301076,1909f56bfc062723c751e8b465ee728b)
Start importing Packages/com.unity.ugui/Tests using Guid(d850db319a63d2546932ff76fe55a498) Importer(815301076,1909f56bfc062723c751e8b465ee728b)  -> (artifact id: '6939ca1a9680ccf18572f8f5bd984dcb') in 0.002743 seconds
  Import took 0.005467 seconds .

AssetImportWorkerClient::OnTransportError - code=2 error=End of file
